--- Copying files at Fri Mar 17 14:22:42 UTC 2023
INSTALLED plugins/pipeline-build-step.jpi : 487.va_823138eee8b_
INSTALLED plugins/description-setter.jpi : 1.10
INSTALLED plugins/cloudbees-folder.jpi : 6.815.v0dd5a_cb_40e0e
INSTALLED plugins/envinject.jpi : 2.901.v0038b_6471582
INSTALLED plugins/ssh-credentials.jpi : 305.v8f4381501156
INSTALLED plugins/workflow-durable-task-step.jpi : 1234.v019404b_3832a
INSTALLED plugins/durable-task.jpi : 504.vb10d1ae5ba2f
INSTALLED plugins/bouncycastle-api.jpi : 2.27
INSTALLED plugins/credentials.jpi : 1224.vc23ca_a_9a_2cb_0
INSTALLED plugins/plain-credentials.jpi : 143.v1b_df8b_d3b_e48
INSTALLED plugins/script-security.jpi : 1229.v4880b_b_e905a_6
INSTALLED plugins/pipeline-stage-tags-metadata.jpi : 2.2118.v31fd5b_9944b_5
INSTALLED plugins/checks-api.jpi : 2.0.0
INSTALLED plugins/scm-api.jpi : 631.v9143df5b_e4a_a
INSTALLED plugins/apache-httpcomponents-client-4-api.jpi : 4.5.14-150.v7a_b_9d17134a_5
INSTALLED plugins/pipeline-model-definition.jpi : 2.2118.v31fd5b_9944b_5
INSTALLED plugins/instance-identity.jpi : 142.v04572ca_5b_265
INSTALLED plugins/workflow-step-api.jpi : 639.v6eca_cd8c04a_a_
INSTALLED plugins/pipeline-groovy-lib.jpi : 629.vb_5627b_ee2104
INSTALLED plugins/variant.jpi : 59.vf075fe829ccb
INSTALLED plugins/mailer.jpi : 448.v5b_97805e3767
INSTALLED plugins/mina-sshd-api-core.jpi : 2.9.2-50.va_0e1f42659a_a
INSTALLED plugins/junit.jpi : 1177.v90374a_ef4d09
INSTALLED plugins/pipeline-stage-step.jpi : 305.ve96d0205c1c6
INSTALLED plugins/seed.jpi : 2.1.4
INSTALLED plugins/branch-api.jpi : 2.1071.v1a_188a_562481
INSTALLED plugins/matrix-project.jpi : 785.v06b_7f47b_c631
INSTALLED plugins/pipeline-model-api.jpi : 2.2118.v31fd5b_9944b_5
INSTALLED plugins/jquery3-api.jpi : 3.6.3-1
INSTALLED plugins/jakarta-activation-api.jpi : 2.0.1-3
INSTALLED plugins/structs.jpi : 324.va_f5d6774f3a_d
INSTALLED plugins/pipeline-model-extensions.jpi : 2.2118.v31fd5b_9944b_5
INSTALLED plugins/trilead-api.jpi : 2.84.v72119de229b_7
INSTALLED plugins/workflow-cps.jpi : 3641.vf58904a_b_b_5d8
INSTALLED plugins/matrix-auth.jpi : 3.1.6
INSTALLED plugins/workflow-basic-steps.jpi : 1010.vf7a_b_98e847c1
INSTALLED plugins/git-client.jpi : 4.1.0
INSTALLED plugins/envinject-api.jpi : 1.199.v3ce31253ed13
INSTALLED plugins/job-dsl.jpi : 1.81.1
INSTALLED plugins/credentials-binding.jpi : 523.vd859a_4b_122e6
INSTALLED plugins/workflow-aggregator.jpi : 596.v8c21c963d92d
INSTALLED plugins/jaxb.jpi : 2.3.8-1
INSTALLED plugins/workflow-api.jpi : 1208.v0cc7c6e0da_9e
INSTALLED plugins/pipeline-input-step.jpi : 466.v6d0a_5df34f81
INSTALLED plugins/workflow-job.jpi : 1284.v2fe8ed4573d4
INSTALLED plugins/commons-lang3-api.jpi : 3.12.0-36.vd97de6465d5b_
INSTALLED plugins/font-awesome-api.jpi : 6.3.0-1
INSTALLED plugins/plugin-util-api.jpi : 3.1.0
INSTALLED plugins/snakeyaml-api.jpi : 1.33-95.va_b_a_e3e47b_fa_4
INSTALLED plugins/mina-sshd-api-common.jpi : 2.9.2-50.va_0e1f42659a_a
INSTALLED plugins/workflow-support.jpi : 839.v35e2736cfd5c
INSTALLED plugins/caffeine-api.jpi : 2.9.3-65.v6a_47d0f4d1fe
INSTALLED plugins/bootstrap5-api.jpi : 5.2.2-1
INSTALLED plugins/commons-text-api.jpi : 1.10.0-36.vc008c8fcda_7b_
INSTALLED plugins/parameterized-trigger.jpi : 2.45
INSTALLED plugins/workflow-multibranch.jpi : 733.v109046189126
INSTALLED plugins/echarts-api.jpi : 5.4.0-2
INSTALLED plugins/javax-activation-api.jpi : 1.2.0-6
INSTALLED plugins/jakarta-mail-api.jpi : 2.0.1-3
INSTALLED plugins/jackson2-api.jpi : 2.14.2-319.v37853346a_229
INSTALLED plugins/display-url-api.jpi : 2.3.7
INSTALLED plugins/pipeline-milestone-step.jpi : 111.v449306f708b_7
INSTALLED plugins/workflow-scm-step.jpi : 400.v6b_89a_1317c9a_
INSTALLED plugins/ionicons-api.jpi : 45.vf54fca_5d2154
INSTALLED plugins/git.jpi : 5.0.0
